#
# There is insufficient memory for the Java Runtime Environment to continue.
# Native memory allocation (malloc) failed to allocate 1287856 bytes for Chunk::new
# Possible reasons:
#   The system is out of physical RAM or swap space
#   In 32 bit mode, the process size limit was hit
# Possible solutions:
#   Reduce memory load on the system
#   Increase physical memory or swap space
#   Check if swap backing store is full
#   Use 64 bit Java on a 64 bit OS
#   Decrease Java heap size (-Xmx/-Xms)
#   Decrease number of Java threads
#   Decrease Java thread stack sizes (-Xss)
#   Set larger code cache with -XX:ReservedCodeCacheSize=
# This output file may be truncated or incomplete.
#
#  Out of Memory Error (allocation.cpp:390), pid=10808, tid=2748
#
# JRE version: Java(TM) SE Runtime Environment (8.0_65-b17) (build 1.8.0_65-b17)
# Java VM: Java HotSpot(TM) 64-Bit Server VM (25.65-b01 mixed mode windows-amd64 compressed oops)
# Failed to write core dump. Minidumps are not enabled by default on client versions of Windows
#

---------------  T H R E A D  ---------------

Current thread (0x00000000178be800):  JavaThread "C2 CompilerThread1" daemon [_thread_in_native, id=2748, stack(0x00000000194f0000,0x00000000195f0000)]

Stack: [0x00000000194f0000,0x00000000195f0000]
[error occurred during error reporting (printing stack bounds), id 0xc0000005]

Native frames: (J=compiled Java code, j=interpreted, Vv=VM code, C=native code)


Current CompileTask:
C2:   6059 2754 %     4       sun.security.util.AbstractAlgorithmConstraints::checkAlgorithm @ 93 (138 bytes)


---------------  P R O C E S S  ---------------

Java Threads: ( => current thread )
  0x000000001da80800 JavaThread "Keep-Alive-Timer" daemon [_thread_blocked, id=8924, stack(0x0000000036390000,0x0000000036490000)]
  0x000000001daae800 JavaThread "DestroyJavaVM" [_thread_blocked, id=15820, stack(0x0000000002920000,0x0000000002a20000)]
  0x000000001daac800 JavaThread "Thread-364" [_thread_in_native, id=12600, stack(0x0000000031a00000,0x0000000031b00000)]
  0x000000001daab800 JavaThread "Thread-363" [_thread_blocked, id=3024, stack(0x0000000031900000,0x0000000031a00000)]
  0x000000001daab000 JavaThread "Thread-362" [_thread_blocked, id=16064, stack(0x0000000031800000,0x0000000031900000)]
  0x000000001daa8000 JavaThread "Thread-361" [_thread_blocked, id=14900, stack(0x0000000031700000,0x0000000031800000)]
  0x000000001daae000 JavaThread "Thread-360" [_thread_blocked, id=11896, stack(0x0000000031600000,0x0000000031700000)]
  0x000000001daa9800 JavaThread "Thread-359" [_thread_blocked, id=800, stack(0x0000000031500000,0x0000000031600000)]
  0x000000001daa4000 JavaThread "Thread-358" [_thread_in_native, id=3292, stack(0x0000000031400000,0x0000000031500000)]
  0x000000001daa5800 JavaThread "Thread-357" [_thread_in_native, id=10332, stack(0x0000000031300000,0x0000000031400000)]
  0x000000001daa3800 JavaThread "Thread-356" [_thread_blocked, id=3492, stack(0x0000000031200000,0x0000000031300000)]
  0x000000001daaa000 JavaThread "Thread-355" [_thread_blocked, id=13352, stack(0x0000000031100000,0x0000000031200000)]
  0x000000001daa5000 JavaThread "Thread-354" [_thread_in_native, id=14004, stack(0x0000000031000000,0x0000000031100000)]
  0x000000001daa6800 JavaThread "Thread-353" [_thread_blocked, id=10520, stack(0x0000000030f00000,0x0000000031000000)]
  0x000000001daa2800 JavaThread "Thread-352" [_thread_in_native, id=15460, stack(0x0000000030e00000,0x0000000030f00000)]
  0x000000001daa7000 JavaThread "Thread-351" [_thread_in_native, id=4580, stack(0x0000000030d00000,0x0000000030e00000)]
  0x000000001d92c000 JavaThread "Thread-350" [_thread_blocked, id=5264, stack(0x0000000030c00000,0x0000000030d00000)]
  0x000000001d92b000 JavaThread "Thread-349" [_thread_blocked, id=15644, stack(0x0000000030b00000,0x0000000030c00000)]
  0x000000001d92a800 JavaThread "Thread-348" [_thread_blocked, id=1656, stack(0x0000000030a00000,0x0000000030b00000)]
  0x000000001d929800 JavaThread "Thread-347" [_thread_blocked, id=11968, stack(0x0000000030900000,0x0000000030a00000)]
  0x000000001d922000 JavaThread "Thread-346" [_thread_blocked, id=17180, stack(0x0000000030800000,0x0000000030900000)]
  0x000000001d928000 JavaThread "Thread-345" [_thread_in_native, id=16584, stack(0x0000000030700000,0x0000000030800000)]
  0x000000001d924800 JavaThread "Thread-344" [_thread_in_native, id=16156, stack(0x0000000030600000,0x0000000030700000)]
  0x000000001d929000 JavaThread "Thread-343" [_thread_in_native, id=17224, stack(0x0000000030500000,0x0000000030600000)]
  0x000000001d927800 JavaThread "Thread-342" [_thread_in_native, id=9856, stack(0x0000000030400000,0x0000000030500000)]
  0x000000001d920000 JavaThread "Thread-341" [_thread_blocked, id=11336, stack(0x0000000030300000,0x0000000030400000)]
  0x000000001d923800 JavaThread "Thread-340" [_thread_in_native, id=15772, stack(0x0000000030200000,0x0000000030300000)]
  0x000000001d926000 JavaThread "Thread-339" [_thread_in_native, id=3608, stack(0x0000000030100000,0x0000000030200000)]
  0x000000001d921800 JavaThread "Thread-338" [_thread_in_native, id=16956, stack(0x0000000030000000,0x0000000030100000)]
  0x000000001d926800 JavaThread "Thread-337" [_thread_blocked, id=10928, stack(0x000000002ff00000,0x0000000030000000)]
  0x000000001d925000 JavaThread "Thread-336" [_thread_blocked, id=13436, stack(0x000000002fe00000,0x000000002ff00000)]
  0x000000001d923000 JavaThread "Thread-335" [_thread_in_native, id=5888, stack(0x000000002fd00000,0x000000002fe00000)]
  0x000000001d91f000 JavaThread "Thread-334" [_thread_in_native, id=10180, stack(0x000000002fc00000,0x000000002fd00000)]
  0x000000001d920800 JavaThread "Thread-333" [_thread_in_native, id=16636, stack(0x000000002fb00000,0x000000002fc00000)]
  0x000000001d917800 JavaThread "Thread-332" [_thread_in_Java, id=9684, stack(0x000000002fa00000,0x000000002fb00000)]
  0x000000001d91d800 JavaThread "Thread-331" [_thread_in_native, id=9792, stack(0x000000002f900000,0x000000002fa00000)]
  0x000000001d91a800 JavaThread "Thread-330" [_thread_blocked, id=7480, stack(0x000000002f800000,0x000000002f900000)]
  0x000000001d91a000 JavaThread "Thread-329" [_thread_in_native, id=16868, stack(0x000000002f700000,0x000000002f800000)]
  0x000000001d91d000 JavaThread "Thread-328" [_thread_in_native, id=12796, stack(0x000000002f600000,0x000000002f700000)]
  0x000000001d91e800 JavaThread "Thread-327" [_thread_in_native, id=7608, stack(0x000000002f500000,0x000000002f600000)]
  0x000000001d915800 JavaThread "Thread-326" [_thread_in_native, id=16812, stack(0x000000002f400000,0x000000002f500000)]
  0x000000001d917000 JavaThread "Thread-325" [_thread_in_native, id=4208, stack(0x000000002f300000,0x000000002f400000)]
  0x000000001d918800 JavaThread "Thread-324" [_thread_in_native, id=13628, stack(0x000000002f200000,0x000000002f300000)]
  0x000000001d91c000 JavaThread "Thread-323" [_thread_in_native, id=13084, stack(0x000000002f100000,0x000000002f200000)]
  0x000000001d919000 JavaThread "Thread-322" [_thread_blocked, id=3396, stack(0x000000002f000000,0x000000002f100000)]
  0x000000001d91b800 JavaThread "Thread-321" [_thread_in_native, id=14140, stack(0x000000002ef00000,0x000000002f000000)]
  0x000000001d914800 JavaThread "Thread-320" [_thread_in_native, id=15704, stack(0x000000002ee00000,0x000000002ef00000)]
  0x000000001d916000 JavaThread "Thread-319" [_thread_blocked, id=7192, stack(0x000000002ed00000,0x000000002ee00000)]
  0x000000001d90d000 JavaThread "Thread-318" [_thread_blocked, id=16396, stack(0x000000002ec00000,0x000000002ed00000)]
  0x000000001d913000 JavaThread "Thread-317" [_thread_in_native, id=9376, stack(0x000000002eb00000,0x000000002ec00000)]
  0x000000001d912800 JavaThread "Thread-316" [_thread_blocked, id=16740, stack(0x000000002ea00000,0x000000002eb00000)]
  0x000000001d90f800 JavaThread "Thread-315" [_thread_blocked, id=3004, stack(0x000000002e900000,0x000000002ea00000)]
  0x000000001d914000 JavaThread "Thread-314" [_thread_blocked, id=17048, stack(0x000000002e800000,0x000000002e900000)]
  0x000000001d911800 JavaThread "Thread-313" [_thread_blocked, id=16916, stack(0x000000002e700000,0x000000002e800000)]
  0x000000001d910000 JavaThread "Thread-312" [_thread_in_native, id=2468, stack(0x000000002e600000,0x000000002e700000)]
  0x000000001d911000 JavaThread "Thread-311" [_thread_in_native, id=6892, stack(0x000000002e500000,0x000000002e600000)]
  0x000000001d90e000 JavaThread "Thread-310" [_thread_in_native, id=13572, stack(0x000000002e400000,0x000000002e500000)]
  0x000000001d90e800 JavaThread "Thread-309" [_thread_in_native, id=12076, stack(0x000000002e300000,0x000000002e400000)]
  0x000000001d7b9800 JavaThread "Thread-308" [_thread_blocked, id=12624, stack(0x000000002e200000,0x000000002e300000)]
  0x000000001d7b2000 JavaThread "Thread-307" [_thread_in_native, id=13064, stack(0x000000002e100000,0x000000002e200000)]
  0x000000001d7b9000 JavaThread "Thread-306" [_thread_blocked, id=15932, stack(0x000000002e000000,0x000000002e100000)]
  0x000000001d7b8000 JavaThread "Thread-305" [_thread_in_native, id=15752, stack(0x000000002df00000,0x000000002e000000)]
  0x000000001d7b7800 JavaThread "Thread-304" [_thread_in_native, id=16072, stack(0x000000002de00000,0x000000002df00000)]
  0x000000001d7b0800 JavaThread "Thread-303" [_thread_blocked, id=6436, stack(0x000000002dd00000,0x000000002de00000)]
  0x000000001d7b0000 JavaThread "Thread-302" [_thread_blocked, id=6744, stack(0x000000002dc00000,0x000000002dd00000)]
  0x000000001d7b1800 JavaThread "Thread-301" [_thread_blocked, id=3204, stack(0x000000002db00000,0x000000002dc00000)]
  0x000000001d7b6000 JavaThread "Thread-300" [_thread_in_native, id=7392, stack(0x000000002da00000,0x000000002db00000)]
  0x000000001d7b6800 JavaThread "Thread-299" [_thread_blocked, id=5464, stack(0x000000002d900000,0x000000002da00000)]
  0x000000001d7ae800 JavaThread "Thread-298" [_thread_blocked, id=9736, stack(0x000000002d800000,0x000000002d900000)]
  0x000000001d7b3800 JavaThread "Thread-297" [_thread_in_native, id=2604, stack(0x000000002d700000,0x000000002d800000)]
  0x000000001d7af000 JavaThread "Thread-296" [_thread_in_native, id=16784, stack(0x000000002d600000,0x000000002d700000)]
  0x000000001d7b3000 JavaThread "Thread-295" [_thread_in_native, id=15620, stack(0x000000002d500000,0x000000002d600000)]
  0x000000001d7b5000 JavaThread "Thread-294" [_thread_in_native, id=16196, stack(0x000000002d400000,0x000000002d500000)]
  0x000000001d7b4800 JavaThread "Thread-293" [_thread_in_native, id=11344, stack(0x000000002d300000,0x000000002d400000)]
  0x000000001d7a7000 JavaThread "Thread-292" [_thread_blocked, id=14420, stack(0x000000002d200000,0x000000002d300000)]
  0x000000001d7ad800 JavaThread "Thread-291" [_thread_in_native, id=6448, stack(0x000000002d100000,0x000000002d200000)]
  0x000000001d7a6000 JavaThread "Thread-290" [_thread_blocked, id=8172, stack(0x000000002d000000,0x000000002d100000)]
  0x000000001d7ad000 JavaThread "Thread-289" [_thread_in_native, id=14320, stack(0x000000002cf00000,0x000000002d000000)]
  0x000000001d7ac000 JavaThread "Thread-288" [_thread_blocked, id=3940, stack(0x000000002ce00000,0x000000002cf00000)]
  0x000000001d7a4800 JavaThread "Thread-287" [_thread_blocked, id=1568, stack(0x000000002cd00000,0x000000002ce00000)]
  0x000000001d7aa000 JavaThread "Thread-286" [_thread_in_native, id=4476, stack(0x000000002cc00000,0x000000002cd00000)]
  0x000000001d7ab800 JavaThread "Thread-285" [_thread_in_native, id=2580, stack(0x000000002cb00000,0x000000002cc00000)]
  0x000000001d7a4000 JavaThread "Thread-284" [_thread_blocked, id=2948, stack(0x000000002ca00000,0x000000002cb00000)]
  0x000000001d7a9000 JavaThread "Thread-283" [_thread_in_native, id=392, stack(0x000000002c900000,0x000000002ca00000)]
  0x000000001d7a7800 JavaThread "Thread-282" [_thread_blocked, id=7296, stack(0x000000002c800000,0x000000002c900000)]
  0x000000001d7aa800 JavaThread "Thread-281" [_thread_blocked, id=1448, stack(0x000000002c700000,0x000000002c800000)]
  0x000000001d7a2800 JavaThread "Thread-280" [_thread_in_native, id=5864, stack(0x000000002c600000,0x000000002c700000)]
  0x000000001d7a5800 JavaThread "Thread-279" [_thread_in_native, id=14552, stack(0x000000002c500000,0x000000002c600000)]
  0x000000001d7a3000 JavaThread "Thread-278" [_thread_in_native, id=2112, stack(0x000000002c400000,0x000000002c500000)]
  0x000000001d7a8800 JavaThread "Thread-277" [_thread_in_native, id=11476, stack(0x000000002c300000,0x000000002c400000)]
  0x000000001d79b000 JavaThread "Thread-276" [_thread_blocked, id=16964, stack(0x000000002c200000,0x000000002c300000)]
  0x000000001d79b800 JavaThread "Thread-275" [_thread_in_native, id=5412, stack(0x000000002c100000,0x000000002c200000)]
  0x000000001d7a1800 JavaThread "Thread-274" [_thread_blocked, id=16168, stack(0x000000002c000000,0x000000002c100000)]
  0x000000001d79e800 JavaThread "Thread-273" [_thread_in_native, id=10256, stack(0x000000002bf00000,0x000000002c000000)]
  0x000000001d7a1000 JavaThread "Thread-272" [_thread_in_native, id=8796, stack(0x000000002be00000,0x000000002bf00000)]
  0x000000001d7a0000 JavaThread "Thread-271" [_thread_in_native, id=9932, stack(0x000000002bd00000,0x000000002be00000)]
  0x000000001d79f800 JavaThread "Thread-270" [_thread_in_native, id=15860, stack(0x000000002bc00000,0x000000002bd00000)]
  0x000000001d79e000 JavaThread "Thread-269" [_thread_blocked, id=13836, stack(0x000000002bb00000,0x000000002bc00000)]
  0x000000001d79d000 JavaThread "Thread-268" [_thread_in_native, id=3520, stack(0x000000002ba00000,0x000000002bb00000)]
  0x000000001d79c800 JavaThread "Thread-267" [_thread_in_native, id=13472, stack(0x000000002b900000,0x000000002ba00000)]
  0x000000001d8c2000 JavaThread "Thread-266" [_thread_in_native, id=7988, stack(0x000000002b800000,0x000000002b900000)]
  0x000000001d8c1000 JavaThread "Thread-265" [_thread_in_native, id=13760, stack(0x000000002b700000,0x000000002b800000)]
  0x000000001d8c0800 JavaThread "Thread-264" [_thread_blocked, id=15380, stack(0x000000002b600000,0x000000002b700000)]
  0x000000001d8bf800 JavaThread "Thread-263" [_thread_blocked, id=8616, stack(0x000000002b500000,0x000000002b600000)]
  0x000000001d8b8000 JavaThread "Thread-262" [_thread_blocked, id=17396, stack(0x000000002b400000,0x000000002b500000)]
  0x000000001d8bf000 JavaThread "Thread-261" [_thread_blocked, id=12924, stack(0x000000002b300000,0x000000002b400000)]
  0x000000001d8be000 JavaThread "Thread-260" [_thread_blocked, id=12104, stack(0x000000002b200000,0x000000002b300000)]
  0x000000001d8bd800 JavaThread "Thread-259" [_thread_blocked, id=10976, stack(0x000000002b100000,0x000000002b200000)]
  0x000000001d8b6000 JavaThread "Thread-258" [_thread_blocked, id=11836, stack(0x000000002b000000,0x000000002b100000)]
  0x000000001d8bc800 JavaThread "Thread-257" [_thread_blocked, id=13128, stack(0x000000002af00000,0x000000002b000000)]
  0x000000001d8b7800 JavaThread "Thread-256" [_thread_blocked, id=17332, stack(0x000000002ae00000,0x000000002af00000)]
  0x000000001d8b5000 JavaThread "Thread-255" [_thread_blocked, id=16856, stack(0x000000002ad00000,0x000000002ae00000)]
  0x000000001d8b9000 JavaThread "Thread-254" [_thread_blocked, id=4720, stack(0x000000002ac00000,0x000000002ad00000)]
  0x000000001d8bc000 JavaThread "Thread-253" [_thread_blocked, id=10776, stack(0x000000002ab00000,0x000000002ac00000)]
  0x000000001d8b6800 JavaThread "Thread-252" [_thread_blocked, id=12980, stack(0x000000002aa00000,0x000000002ab00000)]
  0x000000001d8bb000 JavaThread "Thread-251" [_thread_blocked, id=4912, stack(0x000000002a900000,0x000000002aa00000)]
  0x000000001d8b3800 JavaThread "Thread-250" [_thread_blocked, id=16104, stack(0x000000002a800000,0x000000002a900000)]
  0x000000001d8b9800 JavaThread "Thread-249" [_thread_blocked, id=16920, stack(0x000000002a700000,0x000000002a800000)]
  0x000000001d8ba800 JavaThread "Thread-248" [_thread_blocked, id=7012, stack(0x000000002a500000,0x000000002a600000)]
  0x000000001d8b3000 JavaThread "Thread-247" [_thread_blocked, id=8356, stack(0x000000002a400000,0x000000002a500000)]
  0x000000001d8b4800 JavaThread "Thread-246" [_thread_blocked, id=16344, stack(0x000000002a300000,0x000000002a400000)]
  0x000000001d8ab800 JavaThread "Thread-245" [_thread_blocked, id=17064, stack(0x000000002a200000,0x000000002a300000)]
  0x000000001d8b2000 JavaThread "Thread-244" [_thread_blocked, id=3588, stack(0x000000002a100000,0x000000002a200000)]
  0x000000001d8aa800 JavaThread "Thread-243" [_thread_blocked, id=11924, stack(0x000000002a000000,0x000000002a100000)]
  0x000000001d8b1800 JavaThread "Thread-242" [_thread_blocked, id=1148, stack(0x0000000029f00000,0x000000002a000000)]
  0x000000001d8b0800 JavaThread "Thread-241" [_thread_in_native, id=16032, stack(0x0000000029e00000,0x0000000029f00000)]
  0x000000001d8ae800 JavaThread "Thread-240" [_thread_blocked, id=14548, stack(0x0000000029d00000,0x0000000029e00000)]
  0x000000001d8b0000 JavaThread "Thread-239" [_thread_blocked, id=3028, stack(0x0000000029c00000,0x0000000029d00000)]
  0x000000001d8ad800 JavaThread "Thread-238" [_thread_in_native, id=14636, stack(0x0000000029b00000,0x0000000029c00000)]
  0x000000001d8ac000 JavaThread "Thread-237" [_thread_blocked, id=13416, stack(0x0000000029a00000,0x0000000029b00000)]
  0x000000001d8af000 JavaThread "Thread-236" [_thread_blocked, id=4288, stack(0x0000000029900000,0x0000000029a00000)]
  0x000000001d8ad000 JavaThread "Thread-235" [_thread_blocked, id=17272, stack(0x0000000029800000,0x0000000029900000)]
  0x000000001d8a3000 JavaThread "Thread-234" [_thread_blocked, id=15568, stack(0x0000000029700000,0x0000000029800000)]
  0x000000001d8aa000 JavaThread "Thread-233" [_thread_blocked, id=12144, stack(0x0000000029600000,0x0000000029700000)]
  0x000000001d8a8800 JavaThread "Thread-232" [_thread_blocked, id=16044, stack(0x00000000292b0000,0x00000000293b0000)]
  0x000000001d8a4000 JavaThread "Thread-231" [_thread_blocked, id=7996, stack(0x00000000291b0000,0x00000000292b0000)]
  0x000000001d8a4800 JavaThread "Thread-230" [_thread_blocked, id=14948, stack(0x00000000290b0000,0x00000000291b0000)]
  0x000000001d8a7000 JavaThread "Thread-229" [_thread_in_native, id=3268, stack(0x0000000028fb0000,0x00000000290b0000)]
  0x000000001d8a9000 JavaThread "Thread-228" [_thread_blocked, id=15504, stack(0x0000000028eb0000,0x0000000028fb0000)]
  0x000000001d8a7800 JavaThread "Thread-227" [_thread_blocked, id=11944, stack(0x0000000028db0000,0x0000000028eb0000)]
  0x000000001d8a6000 JavaThread "Thread-226" [_thread_in_native, id=12540, stack(0x0000000028cb0000,0x0000000028db0000)]
  0x000000001d8a5800 JavaThread "Thread-225" [_thread_in_native, id=11496, stack(0x0000000028bb0000,0x0000000028cb0000)]
  0x000000001d70f800 JavaThread "Thread-224" [_thread_blocked, id=5880, stack(0x0000000028ab0000,0x0000000028bb0000)]
  0x000000001d708000 JavaThread "Thread-223" [_thread_blocked, id=16944, stack(0x00000000289b0000,0x0000000028ab0000)]
  0x000000001d70d000 JavaThread "Thread-222" [_thread_blocked, id=16860, stack(0x00000000288b0000,0x00000000289b0000)]
  0x000000001d70c800 JavaThread "Thread-221" [_thread_in_native, id=15900, stack(0x00000000287b0000,0x00000000288b0000)]
  0x000000001d70b800 JavaThread "Thread-220" [_thread_in_native, id=4988, stack(0x00000000286b0000,0x00000000287b0000)]
  0x000000001d70b000 JavaThread "Thread-219" [_thread_blocked, id=14616, stack(0x00000000285b0000,0x00000000286b0000)]
  0x000000001d70a000 JavaThread "Thread-218" [_thread_in_native, id=9604, stack(0x00000000284b0000,0x00000000285b0000)]
  0x000000001d70e000 JavaThread "Thread-217" [_thread_in_native, id=14696, stack(0x00000000283b0000,0x00000000284b0000)]
  0x000000001d70e800 JavaThread "Thread-216" [_thread_in_native, id=11488, stack(0x00000000282b0000,0x00000000283b0000)]
  0x000000001d702800 JavaThread "Thread-215" [_thread_blocked, id=14124, stack(0x00000000281b0000,0x00000000282b0000)]
  0x000000001d707000 JavaThread "Thread-214" [_thread_in_native, id=4920, stack(0x00000000280b0000,0x00000000281b0000)]
  0x000000001d709800 JavaThread "Thread-212" [_thread_in_native, id=16676, stack(0x0000000027eb0000,0x0000000027fb0000)]
  0x000000001d702000 JavaThread "Thread-211" [_thread_blocked, id=5404, stack(0x0000000027db0000,0x0000000027eb0000)]
  0x000000001d708800 JavaThread "Thread-210" [_thread_blocked, id=13668, stack(0x0000000027cb0000,0x0000000027db0000)]
  0x000000001d705800 JavaThread "Thread-209" [_thread_blocked, id=11356, stack(0x0000000027bb0000,0x0000000027cb0000)]
  0x000000001d703800 JavaThread "Thread-208" [_thread_blocked, id=11288, stack(0x0000000027ab0000,0x0000000027bb0000)]
  0x000000001d706800 JavaThread "Thread-207" [_thread_blocked, id=11212, stack(0x00000000279b0000,0x0000000027ab0000)]
  0x000000001d705000 JavaThread "Thread-206" [_thread_in_native, id=15588, stack(0x00000000278b0000,0x00000000279b0000)]
  0x000000001d701000 JavaThread "Thread-205" [_thread_blocked, id=8756, stack(0x00000000277b0000,0x00000000278b0000)]
  0x000000001d6f9800 JavaThread "Thread-204" [_thread_in_native, id=16424, stack(0x00000000276b0000,0x00000000277b0000)]
  0x000000001d700800 JavaThread "Thread-203" [_thread_blocked, id=14788, stack(0x00000000275b0000,0x00000000276b0000)]
  0x000000001d6ff800 JavaThread "Thread-202" [_thread_in_native, id=8052, stack(0x00000000274b0000,0x00000000275b0000)]
  0x000000001d6fb800 JavaThread "Thread-201" [_thread_in_native, id=9740, stack(0x00000000273b0000,0x00000000274b0000)]
  0x000000001d6fb000 JavaThread "Thread-200" [_thread_in_native, id=13716, stack(0x00000000272b0000,0x00000000273b0000)]
  0x000000001d6f8800 JavaThread "Thread-199" [_thread_in_native, id=2476, stack(0x00000000271b0000,0x00000000272b0000)]
  0x000000001d6ff000 JavaThread "Thread-198" [_thread_blocked, id=14404, stack(0x00000000270b0000,0x00000000271b0000)]
  0x000000001d6f8000 JavaThread "Thread-197" [_thread_blocked, id=7136, stack(0x0000000026fb0000,0x00000000270b0000)]
  0x000000001d6fa000 JavaThread "Thread-196" [_thread_blocked, id=14016, stack(0x0000000026eb0000,0x0000000026fb0000)]
  0x000000001d6fe000 JavaThread "Thread-195" [_thread_blocked, id=9528, stack(0x0000000026db0000,0x0000000026eb0000)]
  0x000000001d6fd000 JavaThread "Thread-194" [_thread_blocked, id=9240, stack(0x0000000026cb0000,0x0000000026db0000)]
  0x000000001d6fc800 JavaThread "Thread-193" [_thread_blocked, id=11060, stack(0x0000000026bb0000,0x0000000026cb0000)]
  0x000000001d6f0800 JavaThread "Thread-192" [_thread_in_native, id=15904, stack(0x0000000026ab0000,0x0000000026bb0000)]
  0x000000001d6f6800 JavaThread "Thread-191" [_thread_in_native, id=17356, stack(0x00000000269b0000,0x0000000026ab0000)]
  0x000000001d6f2000 JavaThread "Thread-190" [_thread_blocked, id=1292, stack(0x00000000268b0000,0x00000000269b0000)]
  0x000000001d6f7000 JavaThread "Thread-189" [_thread_in_native, id=17308, stack(0x00000000267b0000,0x00000000268b0000)]
  0x000000001d6f2800 JavaThread "Thread-188" [_thread_in_native, id=17340, stack(0x00000000266b0000,0x00000000267b0000)]
  0x000000001d6f3800 JavaThread "Thread-187" [_thread_in_native, id=16688, stack(0x00000000265b0000,0x00000000266b0000)]
  0x000000001d6f5800 JavaThread "Thread-186" [_thread_blocked, id=12232, stack(0x00000000264b0000,0x00000000265b0000)]
  0x000000001d6f1000 JavaThread "Thread-185" [_thread_blocked, id=9084, stack(0x00000000263b0000,0x00000000264b0000)]
  0x000000001d6f5000 JavaThread "Thread-184" [_thread_in_native, id=12100, stack(0x00000000262b0000,0x00000000263b0000)]
  0x000000001d6f4000 JavaThread "Thread-183" [_thread_in_native, id=10460, stack(0x00000000261b0000,0x00000000262b0000)]
  0x00000000192c1000 JavaThread "Thread-182" [_thread_blocked, id=3176, stack(0x00000000260b0000,0x00000000261b0000)]
  0x00000000192bf800 JavaThread "Thread-181" [_thread_blocked, id=13156, stack(0x0000000025fb0000,0x00000000260b0000)]
  0x00000000192bd800 JavaThread "Thread-180" [_thread_in_native, id=17252, stack(0x0000000025eb0000,0x0000000025fb0000)]
  0x00000000192be000 JavaThread "Thread-179" [_thread_blocked, id=17244, stack(0x0000000025db0000,0x0000000025eb0000)]
  0x00000000192bf000 JavaThread "Thread-178" [_thread_blocked, id=11772, stack(0x0000000025cb0000,0x0000000025db0000)]
  0x00000000192c4000 JavaThread "Thread-177" [_thread_blocked, id=8664, stack(0x0000000025bb0000,0x0000000025cb0000)]
  0x00000000192c3800 JavaThread "Thread-176" [_thread_blocked, id=11532, stack(0x0000000025ab0000,0x0000000025bb0000)]
  0x00000000192c2800 JavaThread "Thread-175" [_thread_blocked, id=10824, stack(0x00000000259b0000,0x0000000025ab0000)]
  0x00000000192c2000 JavaThread "Thread-174" [_thread_in_native, id=10004, stack(0x00000000258b0000,0x00000000259b0000)]
  0x00000000192c0800 JavaThread "Thread-173" [_thread_in_native, id=10212, stack(0x00000000257b0000,0x00000000258b0000)]
  0x00000000192b6000 JavaThread "Thread-172" [_thread_in_native, id=9744, stack(0x00000000256b0000,0x00000000257b0000)]
  0x00000000192bc800 JavaThread "Thread-171" [_thread_in_native, id=16604, stack(0x00000000255b0000,0x00000000256b0000)]
  0x00000000192b6800 JavaThread "Thread-170" [_thread_in_native, id=9468, stack(0x00000000254b0000,0x00000000255b0000)]
  0x00000000192bc000 JavaThread "Thread-169" [_thread_in_native, id=17080, stack(0x00000000253b0000,0x00000000254b0000)]
  0x00000000192b5000 JavaThread "Thread-168" [_thread_in_native, id=6468, stack(0x00000000252b0000,0x00000000253b0000)]
  0x00000000192b7800 JavaThread "Thread-167" [_thread_blocked, id=3624, stack(0x00000000251b0000,0x00000000252b0000)]
  0x00000000192bb000 JavaThread "Thread-166" [_thread_in_native, id=4036, stack(0x00000000250b0000,0x00000000251b0000)]
  0x00000000192ba800 JavaThread "Thread-165" [_thread_blocked, id=2044, stack(0x0000000024fb0000,0x00000000250b0000)]
  0x00000000192b8000 JavaThread "Thread-164" [_thread_in_native, id=1956, stack(0x0000000024eb0000,0x0000000024fb0000)]
  0x00000000192b9800 JavaThread "Thread-163" [_thread_in_native, id=10908, stack(0x0000000024db0000,0x0000000024eb0000)]
  0x00000000192b9000 JavaThread "Thread-162" [_thread_in_native, id=13984, stack(0x0000000024cb0000,0x0000000024db0000)]
  0x000000001d7df000 JavaThread "Thread-161" [_thread_in_native, id=13796, stack(0x0000000024bb0000,0x0000000024cb0000)]
  0x000000001d7dd800 JavaThread "Thread-160" [_thread_in_native, id=6396, stack(0x0000000024ab0000,0x0000000024bb0000)]
  0x000000001d7dc800 JavaThread "Thread-159" [_thread_in_native, id=10324, stack(0x00000000249b0000,0x0000000024ab0000)]
  0x000000001d7e0800 JavaThread "Thread-158" [_thread_in_native, id=16968, stack(0x00000000248b0000,0x00000000249b0000)]
  0x000000001d7dc000 JavaThread "Thread-157" [_thread_in_native, id=6316, stack(0x00000000247b0000,0x00000000248b0000)]
  0x000000001d7de000 JavaThread "Thread-156" [_thread_blocked, id=16984, stack(0x00000000246b0000,0x00000000247b0000)]
  0x000000001d7df800 JavaThread "Thread-155" [_thread_in_native, id=1452, stack(0x00000000245b0000,0x00000000246b0000)]
  0x000000001d7d4800 JavaThread "Thread-154" [_thread_blocked, id=8920, stack(0x00000000244b0000,0x00000000245b0000)]
  0x000000001d7db000 JavaThread "Thread-153" [_thread_blocked, id=16816, stack(0x00000000243b0000,0x00000000244b0000)]
  0x000000001d7d3800 JavaThread "Thread-152" [_thread_blocked, id=8352, stack(0x00000000242b0000,0x00000000243b0000)]
  0x000000001d7da800 JavaThread "Thread-151" [_thread_blocked, id=10748, stack(0x00000000241b0000,0x00000000242b0000)]
  0x000000001d7d3000 JavaThread "Thread-150" [_thread_blocked, id=8028, stack(0x00000000240b0000,0x00000000241b0000)]
  0x000000001d7d9800 JavaThread "Thread-149" [_thread_blocked, id=13704, stack(0x0000000023fb0000,0x00000000240b0000)]
  0x000000001d7d6800 JavaThread "Thread-148" [_thread_blocked, id=8844, stack(0x0000000023eb0000,0x0000000023fb0000)]
  0x000000001d7d2000 JavaThread "Thread-147" [_thread_blocked, id=9244, stack(0x0000000023db0000,0x0000000023eb0000)]
  0x000000001d7d6000 JavaThread "Thread-146" [_thread_blocked, id=10732, stack(0x0000000023cb0000,0x0000000023db0000)]
  0x000000001d7d9000 JavaThread "Thread-145" [_thread_blocked, id=5912, stack(0x0000000023bb0000,0x0000000023cb0000)]
  0x000000001d7d5000 JavaThread "Thread-144" [_thread_blocked, id=12220, stack(0x0000000023ab0000,0x0000000023bb0000)]
  0x000000001d7d1800 JavaThread "Thread-143" [_thread_blocked, id=15928, stack(0x00000000239b0000,0x0000000023ab0000)]
  0x000000001d7d7800 JavaThread "Thread-142" [_thread_blocked, id=3096, stack(0x00000000238b0000,0x00000000239b0000)]
  0x000000001d7d8000 JavaThread "Thread-141" [_thread_blocked, id=8376, stack(0x00000000237b0000,0x00000000238b0000)]
  0x000000001d73c800 JavaThread "Thread-140" [_thread_blocked, id=6548, stack(0x00000000236b0000,0x00000000237b0000)]
  0x000000001d73c000 JavaThread "Thread-139" [_thread_blocked, id=17376, stack(0x00000000235b0000,0x00000000236b0000)]
  0x000000001d73b000 JavaThread "Thread-138" [_thread_blocked, id=17172, stack(0x00000000234b0000,0x00000000235b0000)]
  0x000000001d73a800 JavaThread "Thread-137" [_thread_blocked, id=12568, stack(0x00000000233b0000,0x00000000234b0000)]
  0x000000001d739800 JavaThread "Thread-136" [_thread_blocked, id=14860, stack(0x00000000232b0000,0x00000000233b0000)]
  0x000000001d737800 JavaThread "Thread-135" [_thread_blocked, id=17068, stack(0x00000000231b0000,0x00000000232b0000)]
  0x000000001d733800 JavaThread "Thread-134" [_thread_blocked, id=17024, stack(0x00000000230b0000,0x00000000231b0000)]
  0x000000001d736000 JavaThread "Thread-133" [_thread_blocked, id=6096, stack(0x0000000022fb0000,0x00000000230b0000)]
  0x000000001d739000 JavaThread "Thread-132" [_thread_blocked, id=4776, stack(0x0000000022eb0000,0x0000000022fb0000)]
  0x000000001d735000 JavaThread "Thread-131" [_thread_blocked, id=11788, stack(0x0000000022db0000,0x0000000022eb0000)]
  0x000000001d734800 JavaThread "Thread-130" [_thread_in_native, id=14516, stack(0x0000000022cb0000,0x0000000022db0000)]
  0x000000001d738000 JavaThread "Thread-129" [_thread_in_native, id=11556, stack(0x0000000022bb0000,0x0000000022cb0000)]
  0x000000001d736800 JavaThread "Thread-128" [_thread_blocked, id=9620, stack(0x0000000022ab0000,0x0000000022bb0000)]
  0x000000001d72d800 JavaThread "Thread-127" [_thread_blocked, id=14372, stack(0x00000000229b0000,0x0000000022ab0000)]
  0x000000001d733000 JavaThread "Thread-126" [_thread_in_native, id=15320, stack(0x00000000228b0000,0x00000000229b0000)]
  0x000000001d732000 JavaThread "Thread-125" [_thread_in_native, id=11948, stack(0x00000000227b0000,0x00000000228b0000)]
  0x000000001d731800 JavaThread "Thread-124" [_thread_blocked, id=17072, stack(0x00000000226b0000,0x00000000227b0000)]
  0x000000001d730800 JavaThread "Thread-123" [_thread_in_native, id=2352, stack(0x00000000225b0000,0x00000000226b0000)]
  0x000000001d730000 JavaThread "Thread-122" [_thread_blocked, id=10996, stack(0x00000000224b0000,0x00000000225b0000)]
  0x000000001d72e800 JavaThread "Thread-121" [_thread_in_native, id=5780, stack(0x00000000223b0000,0x00000000224b0000)]
  0x000000001d72f000 JavaThread "Thread-120" [_thread_blocked, id=2788, stack(0x00000000222b0000,0x00000000223b0000)]
  0x000000001d4d9000 JavaThread "Thread-119" [_thread_blocked, id=13292, stack(0x00000000221b0000,0x00000000222b0000)]
  0x000000001d4d8800 JavaThread "Thread-118" [_thread_blocked, id=3412, stack(0x00000000220b0000,0x00000000221b0000)]
  0x000000001d4d7800 JavaThread "Thread-117" [_thread_blocked, id=14880, stack(0x0000000021fb0000,0x00000000220b0000)]
  0x000000001d4d7000 JavaThread "Thread-116" [_thread_blocked, id=16260, stack(0x0000000021eb0000,0x0000000021fb0000)]
  0x000000001d4d6000 JavaThread "Thread-115" [_thread_blocked, id=3600, stack(0x0000000021db0000,0x0000000021eb0000)]
  0x000000001d4ce800 JavaThread "Thread-114" [_thread_blocked, id=1484, stack(0x0000000021cb0000,0x0000000021db0000)]
  0x000000001d4d5800 JavaThread "Thread-113" [_thread_blocked, id=10028, stack(0x0000000021bb0000,0x0000000021cb0000)]
  0x000000001d4ce000 JavaThread "Thread-112" [_thread_blocked, id=16252, stack(0x0000000021ab0000,0x0000000021bb0000)]
  0x000000001d4d4800 JavaThread "Thread-111" [_thread_in_native, id=2592, stack(0x00000000219b0000,0x0000000021ab0000)]
  0x000000001d4d3000 JavaThread "Thread-110" [_thread_blocked, id=4292, stack(0x00000000218b0000,0x00000000219b0000)]
  0x000000001d4cd000 JavaThread "Thread-109" [_thread_in_native, id=1316, stack(0x00000000217b0000,0x00000000218b0000)]
  0x000000001d4d4000 JavaThread "Thread-108" [_thread_blocked, id=16036, stack(0x00000000216b0000,0x00000000217b0000)]
  0x000000001d4d2800 JavaThread "Thread-107" [_thread_in_native, id=12052, stack(0x00000000215b0000,0x00000000216b0000)]
  0x000000001d4d1800 JavaThread "Thread-106" [_thread_blocked, id=10396, stack(0x00000000214b0000,0x00000000215b0000)]
  0x000000001d4d0000 JavaThread "Thread-105" [_thread_blocked, id=6416, stack(0x00000000213b0000,0x00000000214b0000)]
  0x000000001d4cb000 JavaThread "Thread-104" [_thread_blocked, id=2692, stack(0x00000000212b0000,0x00000000213b0000)]
  0x000000001d4cc800 JavaThread "Thread-103" [_thread_in_native, id=10472, stack(0x00000000211b0000,0x00000000212b0000)]
  0x000000001d4cf800 JavaThread "Thread-102" [_thread_in_native, id=17008, stack(0x00000000210b0000,0x00000000211b0000)]
  0x000000001d4d1000 JavaThread "Thread-101" [_thread_blocked, id=17176, stack(0x0000000020fb0000,0x00000000210b0000)]
  0x000000001d4ca000 JavaThread "Thread-100" [_thread_blocked, id=4560, stack(0x0000000020eb0000,0x0000000020fb0000)]
  0x000000001d4cb800 JavaThread "Thread-99" [_thread_blocked, id=15144, stack(0x0000000020db0000,0x0000000020eb0000)]
  0x000000001d550800 JavaThread "Thread-98" [_thread_blocked, id=16132, stack(0x0000000020cb0000,0x0000000020db0000)]
  0x000000001d54a800 JavaThread "Thread-97" [_thread_blocked, id=2556, stack(0x0000000020bb0000,0x0000000020cb0000)]
  0x000000001d54f800 JavaThread "Thread-96" [_thread_blocked, id=11316, stack(0x0000000020ab0000,0x0000000020bb0000)]
  0x000000001d54f000 JavaThread "Thread-95" [_thread_blocked, id=16736, stack(0x00000000209b0000,0x0000000020ab0000)]
  0x000000001d551000 JavaThread "Thread-94" [_thread_blocked, id=14708, stack(0x00000000208b0000,0x00000000209b0000)]
  0x000000001d54e000 JavaThread "Thread-93" [_thread_blocked, id=9476, stack(0x00000000207b0000,0x00000000208b0000)]
  0x000000001d54c800 JavaThread "Thread-92" [_thread_blocked, id=17280, stack(0x00000000206b0000,0x00000000207b0000)]
  0x000000001d54c000 JavaThread "Thread-91" [_thread_in_native, id=11856, stack(0x00000000205b0000,0x00000000206b0000)]
  0x000000001d54d800 JavaThread "Thread-90" [_thread_in_native, id=4300, stack(0x00000000204b0000,0x00000000205b0000)]
  0x000000001d549800 JavaThread "Thread-89" [_thread_blocked, id=5004, stack(0x00000000203b0000,0x00000000204b0000)]
  0x000000001d54b000 JavaThread "Thread-88" [_thread_blocked, id=6460, stack(0x00000000202b0000,0x00000000203b0000)]
  0x000000001d542000 JavaThread "Thread-87" [_thread_in_native, id=3708, stack(0x00000000201b0000,0x00000000202b0000)]
  0x000000001d546800 JavaThread "Thread-86" [_thread_blocked, id=13072, stack(0x00000000200b0000,0x00000000201b0000)]
  0x000000001d544800 JavaThread "Thread-85" [_thread_in_native, id=10532, stack(0x000000001ffb0000,0x00000000200b0000)]
  0x000000001d549000 JavaThread "Thread-84" [_thread_blocked, id=3248, stack(0x000000001feb0000,0x000000001ffb0000)]
  0x000000001d548000 JavaThread "Thread-83" [_thread_blocked, id=7924, stack(0x000000001fdb0000,0x000000001feb0000)]
  0x000000001d543800 JavaThread "Thread-82" [_thread_blocked, id=15760, stack(0x000000001fcb0000,0x000000001fdb0000)]
  0x000000001d546000 JavaThread "Thread-81" [_thread_blocked, id=6700, stack(0x000000001fbb0000,0x000000001fcb0000)]
  0x000000001d543000 JavaThread "Thread-80" [_thread_in_native, id=9760, stack(0x000000001fab0000,0x000000001fbb0000)]
  0x000000001d545000 JavaThread "Thread-79" [_thread_blocked, id=14712, stack(0x000000001f9b0000,0x000000001fab0000)]
  0x000000001d547800 JavaThread "Thread-78" [_thread_blocked, id=16768, stack(0x000000001f8b0000,0x000000001f9b0000)]
  0x000000001d525800 JavaThread "Thread-77" [_thread_blocked, id=6180, stack(0x000000001f7b0000,0x000000001f8b0000)]
  0x000000001d527000 JavaThread "Thread-76" [_thread_blocked, id=11392, stack(0x000000001f6b0000,0x000000001f7b0000)]
  0x000000001d524000 JavaThread "Thread-75" [_thread_blocked, id=14268, stack(0x000000001f5b0000,0x000000001f6b0000)]
  0x000000001d522800 JavaThread "Thread-74" [_thread_blocked, id=13788, stack(0x000000001f4b0000,0x000000001f5b0000)]
  0x000000001d529000 JavaThread "Thread-73" [_thread_blocked, id=16428, stack(0x000000001f3b0000,0x000000001f4b0000)]
  0x000000001d523000 JavaThread "Thread-72" [_thread_blocked, id=11912, stack(0x000000001f2b0000,0x000000001f3b0000)]
  0x000000001d526000 JavaThread "Thread-71" [_thread_blocked, id=14728, stack(0x000000001f1b0000,0x000000001f2b0000)]
  0x000000001d528800 JavaThread "Thread-70" [_thread_blocked, id=12528, stack(0x000000001f0b0000,0x000000001f1b0000)]
  0x000000001d524800 JavaThread "Thread-69" [_thread_blocked, id=11324, stack(0x000000001efb0000,0x000000001f0b0000)]
  0x000000001d521800 JavaThread "Thread-68" [_thread_blocked, id=11108, stack(0x000000001eeb0000,0x000000001efb0000)]
  0x000000001d527800 JavaThread "Thread-67" [_thread_blocked, id=15736, stack(0x000000001edb0000,0x000000001eeb0000)]
  0x000000001d51a000 JavaThread "Thread-66" [_thread_blocked, id=15408, stack(0x000000001ecb0000,0x000000001edb0000)]
  0x000000001d521000 JavaThread "Thread-65" [_thread_blocked, id=17204, stack(0x000000001ebb0000,0x000000001ecb0000)]
  0x000000001d51c800 JavaThread "Thread-64" [_thread_blocked, id=15888, stack(0x000000001eab0000,0x000000001ebb0000)]
  0x000000001d520000 JavaThread "Thread-63" [_thread_blocked, id=7744, stack(0x000000001e9b0000,0x000000001eab0000)]
  0x000000001d51e000 JavaThread "Thread-62" [_thread_blocked, id=5504, stack(0x000000001e8b0000,0x000000001e9b0000)]
  0x000000001d51e800 JavaThread "Thread-61" [_thread_blocked, id=15296, stack(0x000000001e7b0000,0x000000001e8b0000)]
  0x000000001d51d000 JavaThread "Thread-60" [_thread_blocked, id=11228, stack(0x000000001e6b0000,0x000000001e7b0000)]
  0x000000001d51b000 JavaThread "Thread-59" [_thread_blocked, id=11284, stack(0x000000001e5b0000,0x000000001e6b0000)]
  0x000000001d51f800 JavaThread "Thread-58" [_thread_blocked, id=11308, stack(0x000000001e4b0000,0x000000001e5b0000)]
  0x000000001d51b800 JavaThread "Thread-57" [_thread_blocked, id=6544, stack(0x000000001e3b0000,0x000000001e4b0000)]
  0x0000000019256000 JavaThread "Thread-56" [_thread_blocked, id=16692, stack(0x000000001e2b0000,0x000000001e3b0000)]
  0x0000000019255000 JavaThread "Thread-55" [_thread_blocked, id=13764, stack(0x000000001e1b0000,0x000000001e2b0000)]
  0x0000000019253000 JavaThread "Thread-54" [_thread_blocked, id=16848, stack(0x000000001e0b0000,0x000000001e1b0000)]
  0x0000000019252000 JavaThread "Thread-53" [_thread_blocked, id=5184, stack(0x000000001dfb0000,0x000000001e0b0000)]
  0x0000000019254800 JavaThread "Thread-52" [_thread_blocked, id=2548, stack(0x000000001deb0000,0x000000001dfb0000)]
  0x0000000019256800 JavaThread "Thread-51" [_thread_blocked, id=10628, stack(0x000000001ddb0000,0x000000001deb0000)]
  0x0000000019251800 JavaThread "Thread-50" [_thread_blocked, id=16468, stack(0x000000001dcb0000,0x000000001ddb0000)]
  0x0000000019253800 JavaThread "Thread-49" [_thread_blocked, id=5648, stack(0x000000001d3b0000,0x000000001d4b0000)]
  0x0000000019249800 JavaThread "Thread-48" [_thread_blocked, id=6372, stack(0x000000001d2b0000,0x000000001d3b0000)]
  0x0000000019250800 JavaThread "Thread-47" [_thread_blocked, id=16456, stack(0x000000001d1b0000,0x000000001d2b0000)]
  0x0000000019249000 JavaThread "Thread-46" [_thread_blocked, id=14280, stack(0x000000001d0b0000,0x000000001d1b0000)]
  0x000000001924f800 JavaThread "Thread-45" [_thread_blocked, id=1904, stack(0x000000001cfb0000,0x000000001d0b0000)]
  0x0000000019248000 JavaThread "Thread-44" [_thread_in_native, id=13600, stack(0x000000001ceb0000,0x000000001cfb0000)]
  0x000000001924b000 JavaThread "Thread-43" [_thread_in_native, id=9580, stack(0x000000001cdb0000,0x000000001ceb0000)]
  0x000000001924f000 JavaThread "Thread-42" [_thread_blocked, id=14160, stack(0x000000001ccb0000,0x000000001cdb0000)]
  0x0000000019247800 JavaThread "Thread-41" [_thread_in_native, id=112, stack(0x000000001cbb0000,0x000000001ccb0000)]
  0x000000001924e000 JavaThread "Thread-40" [_thread_in_native, id=6756, stack(0x000000001cab0000,0x000000001cbb0000)]
  0x000000001924a800 JavaThread "Thread-39" [_thread_in_native, id=8964, stack(0x000000001c9b0000,0x000000001cab0000)]
  0x000000001924d800 JavaThread "Thread-38" [_thread_in_native, id=15604, stack(0x000000001c8b0000,0x000000001c9b0000)]
  0x000000001924c000 JavaThread "Thread-37" [_thread_blocked, id=13024, stack(0x000000001c7b0000,0x000000001c8b0000)]
  0x000000001924c800 JavaThread "Thread-36" [_thread_in_native, id=3796, stack(0x000000001c6b0000,0x000000001c7b0000)]
  0x00000000191b9000 JavaThread "Thread-35" [_thread_in_native, id=14272, stack(0x000000001c5b0000,0x000000001c6b0000)]
  0x00000000191b7800 JavaThread "Thread-34" [_thread_in_native, id=8536, stack(0x000000001c4b0000,0x000000001c5b0000)]
  0x00000000191b5800 JavaThread "Thread-33" [_thread_blocked, id=4824, stack(0x000000001c3b0000,0x000000001c4b0000)]
  0x00000000191ba800 JavaThread "Thread-32" [_thread_in_native, id=6488, stack(0x000000001c2b0000,0x000000001c3b0000)]
  0x00000000191ba000 JavaThread "Thread-31" [_thread_blocked, id=16108, stack(0x000000001c1b0000,0x000000001c2b0000)]
  0x00000000191b8800 JavaThread "Thread-30" [_thread_in_native, id=3528, stack(0x000000001c0b0000,0x000000001c1b0000)]
  0x00000000191b6000 JavaThread "Thread-29" [_thread_blocked, id=15648, stack(0x000000001bfb0000,0x000000001c0b0000)]
  0x00000000191b7000 JavaThread "Thread-28" [_thread_in_native, id=2784, stack(0x000000001beb0000,0x000000001bfb0000)]
  0x00000000191b4800 JavaThread "Thread-27" [_thread_in_native, id=12960, stack(0x000000001bdb0000,0x000000001beb0000)]
  0x00000000191ad000 JavaThread "Thread-26" [_thread_in_native, id=15528, stack(0x000000001bcb0000,0x000000001bdb0000)]
  0x00000000191b4000 JavaThread "Thread-25" [_thread_in_native, id=12248, stack(0x000000001bbb0000,0x000000001bcb0000)]
  0x00000000191ac800 JavaThread "Thread-24" [_thread_blocked, id=15488, stack(0x000000001bab0000,0x000000001bbb0000)]
  0x00000000191b3000 JavaThread "Thread-23" [_thread_blocked, id=6724, stack(0x000000001b9b0000,0x000000001bab0000)]
  0x00000000191ab800 JavaThread "Thread-22" [_thread_in_native, id=5904, stack(0x000000001b8b0000,0x000000001b9b0000)]
  0x00000000191b2800 JavaThread "Thread-21" [_thread_in_native, id=3288, stack(0x000000001b7b0000,0x000000001b8b0000)]
  0x00000000191b1800 JavaThread "Thread-20" [_thread_in_native, id=16588, stack(0x000000001b6b0000,0x000000001b7b0000)]
  0x00000000191b1000 JavaThread "Thread-19" [_thread_blocked, id=3304, stack(0x000000001b5b0000,0x000000001b6b0000)]
  0x00000000191b0000 JavaThread "Thread-18" [_thread_in_native, id=14984, stack(0x000000001b4b0000,0x000000001b5b0000)]
  0x00000000191ae800 JavaThread "Thread-17" [_thread_in_native, id=11428, stack(0x000000001b3b0000,0x000000001b4b0000)]
  0x00000000191af800 JavaThread "Thread-16" [_thread_blocked, id=7956, stack(0x000000001b2b0000,0x000000001b3b0000)]
  0x00000000191ae000 JavaThread "Thread-15" [_thread_in_native, id=12464, stack(0x000000001b1b0000,0x000000001b2b0000)]
  0x00000000190c7000 JavaThread "Thread-14" [_thread_in_native, id=9416, stack(0x000000001b0b0000,0x000000001b1b0000)]
  0x00000000190cb000 JavaThread "Thread-13" [_thread_blocked, id=6760, stack(0x000000001afb0000,0x000000001b0b0000)]
  0x00000000190ca000 JavaThread "Thread-12" [_thread_in_native, id=3984, stack(0x000000001aeb0000,0x000000001afb0000)]
  0x00000000190c9800 JavaThread "Thread-11" [_thread_in_native, id=16796, stack(0x000000001adb0000,0x000000001aeb0000)]
  0x00000000190c6800 JavaThread "Thread-10" [_thread_in_native, id=3616, stack(0x000000001acb0000,0x000000001adb0000)]
  0x00000000190c8800 JavaThread "Thread-9" [_thread_in_native, id=12040, stack(0x000000001abb0000,0x000000001acb0000)]
  0x00000000190c4000 JavaThread "Thread-8" [_thread_blocked, id=17056, stack(0x000000001aab0000,0x000000001abb0000)]
  0x00000000190c5800 JavaThread "Thread-7" [_thread_blocked, id=3212, stack(0x000000001a9b0000,0x000000001aab0000)]
  0x00000000190c8000 JavaThread "Thread-6" [_thread_blocked, id=4896, stack(0x000000001a8b0000,0x000000001a9b0000)]
  0x00000000190c5000 JavaThread "Thread-5" [_thread_blocked, id=4992, stack(0x000000001a7b0000,0x000000001a8b0000)]
  0x0000000019086000 JavaThread "Thread-4" [_thread_blocked, id=2792, stack(0x000000001a6b0000,0x000000001a7b0000)]
  0x000000001907b800 JavaThread "Thread-3" [_thread_blocked, id=16580, stack(0x000000001a5b0000,0x000000001a6b0000)]
  0x000000001907b000 JavaThread "Thread-2" [_thread_blocked, id=13016, stack(0x000000001a4b0000,0x000000001a5b0000)]
  0x000000001907a000 JavaThread "Thread-1" [_thread_in_native, id=17400, stack(0x000000001a3b0000,0x000000001a4b0000)]
  0x0000000019079000 JavaThread "Thread-0" [_thread_in_native, id=2676, stack(0x000000001a2b0000,0x000000001a3b0000)]
  0x0000000018f92800 JavaThread "Service Thread" daemon [_thread_blocked, id=616, stack(0x00000000196f0000,0x00000000197f0000)]
  0x0000000018f8d800 JavaThread "C1 CompilerThread2" daemon [_thread_blocked, id=7628, stack(0x00000000195f0000,0x00000000196f0000)]
=>0x00000000178be800 JavaThread "C2 CompilerThread1" daemon [_thread_in_native, id=2748, stack(0x00000000194f0000,0x00000000195f0000)]
  0x00000000178b6800 JavaThread "C2 CompilerThread0" daemon [_thread_in_native, id=16976, stack(0x00000000193f0000,0x00000000194f0000)]
  0x0000000018f32800 JavaThread "Monitor Ctrl-Break" daemon [_thread_in_native, id=4736, stack(0x00000000192f0000,0x00000000193f0000)]
  0x000000001785d000 JavaThread "Attach Listener" daemon [_thread_blocked, id=11568, stack(0x0000000018df0000,0x0000000018ef0000)]
  0x000000001785c000 JavaThread "Signal Dispatcher" daemon [_thread_blocked, id=15128, stack(0x0000000018cf0000,0x0000000018df0000)]
  0x0000000002cc9000 JavaThread "Finalizer" daemon [_thread_blocked, id=16972, stack(0x0000000018ae0000,0x0000000018be0000)]
  0x0000000017829000 JavaThread "Reference Handler" daemon [_thread_blocked, id=16028, stack(0x00000000189e0000,0x0000000018ae0000)]

Other Threads:
  0x0000000017828000 VMThread [stack: 0x00000000188e0000,0x00000000189e0000] [id=7120]
  0x0000000018fa8000 WatcherThread [stack: 0x0000000019f70000,0x000000001a070000] [id=2032]

VM state:not at safepoint (normal execution)

VM Mutex/Monitor currently owned by a thread: None

Heap:
 PSYoungGen      total 268800K, used 95720K [0x00000000d5d00000, 0x00000000e6600000, 0x0000000100000000)
  eden space 266240K, 35% used [0x00000000d5d00000,0x00000000dba7a210,0x00000000e6100000)
  from space 2560K, 0% used [0x00000000e6100000,0x00000000e6100000,0x00000000e6380000)
  to   space 2560K, 0% used [0x00000000e6380000,0x00000000e6380000,0x00000000e6600000)
 ParOldGen       total 42496K, used 38920K [0x0000000081600000, 0x0000000083f80000, 0x00000000d5d00000)
  object space 42496K, 91% used [0x0000000081600000,0x0000000083c02208,0x0000000083f80000)
 Metaspace       used 9985K, capacity 10170K, committed 10368K, reserved 1060864K
  class space    used 947K, capacity 1043K, committed 1152K, reserved 1048576K

Card table byte_map: [0x0000000012090000,0x0000000012490000] byte_map_base: 0x0000000011c85000

Marking Bits: (ParMarkBitMap*) 0x000000006cb5a5b0
 Begin Bits: [0x0000000012b40000, 0x0000000014ae8000)
 End Bits:   [0x0000000014ae8000, 0x0000000016a90000)

Polling page: 0x0000000001010000

CodeCache: size=245760Kb used=9545Kb max_used=9547Kb free=236215Kb
 bounds [0x0000000002cd0000, 0x0000000003630000, 0x0000000011cd0000]
 total_blobs=3138 nmethods=2772 adapters=277
 compilation: enabled

Compilation events (10 events):
Event: 6.011 Thread 0x0000000018f8d800 2784       2       java.lang.ref.Finalizer::hasBeenFinalized (14 bytes)
Event: 6.011 Thread 0x0000000018f8d800 nmethod 2784 0x000000000361d050 code [0x000000000361d1a0, 0x000000000361d310]
Event: 6.011 Thread 0x0000000018f8d800 2785   !   2       java.lang.ref.Finalizer::remove (94 bytes)
Event: 6.012 Thread 0x0000000018f8d800 nmethod 2785 0x000000000361d390 code [0x000000000361d500, 0x000000000361d8f0]
Event: 6.012 Thread 0x0000000018f8d800 2788       2       java.lang.Object::finalize (1 bytes)
Event: 6.012 Thread 0x0000000018f8d800 nmethod 2788 0x000000000361da50 code [0x000000000361dba0, 0x000000000361dcf0]
Event: 6.012 Thread 0x0000000018f8d800 2789       2       sun.net.www.protocol.https.HttpsURLConnectionImpl::finalize (8 bytes)
Event: 6.012 Thread 0x0000000018f8d800 nmethod 2789 0x000000000361dd50 code [0x000000000361dea0, 0x000000000361dff0]
Event: 6.012 Thread 0x0000000018f8d800 2790       2       sun.net.www.protocol.https.DelegateHttpsURLConnection::dispose (5 bytes)
Event: 6.012 Thread 0x0000000018f8d800 nmethod 2790 0x000000000361e090 code [0x000000000361e1e0, 0x000000000361e330]

GC Heap History (10 events):
Event: 1.179 GC heap before
{Heap before GC invocations=13 (full 1):
 PSYoungGen      total 268800K, used 266528K [0x00000000d5d00000, 0x00000000e6600000, 0x0000000100000000)
  eden space 266240K, 100% used [0x00000000d5d00000,0x00000000e6100000,0x00000000e6100000)
  from space 2560K, 11% used [0x00000000e6100000,0x00000000e6148000,0x00000000e6380000)
  to   space 2560K, 0% used [0x00000000e6380000,0x00000000e6380000,0x00000000e6600000)
 ParOldGen       total 39936K, used 3261K [0x0000000081600000, 0x0000000083d00000, 0x00000000d5d00000)
  object space 39936K, 8% used [0x0000000081600000,0x000000008192f4a8,0x0000000083d00000)
 Metaspace       used 7400K, capacity 7574K, committed 7808K, reserved 1058816K
  class space    used 789K, capacity 834K, committed 896K, reserved 1048576K
Event: 1.187 GC heap after
Heap after GC invocations=13 (full 1):
 PSYoungGen      total 268800K, used 320K [0x00000000d5d00000, 0x00000000e6600000, 0x0000000100000000)
  eden space 266240K, 0% used [0x00000000d5d00000,0x00000000d5d00000,0x00000000e6100000)
  from space 2560K, 12% used [0x00000000e6380000,0x00000000e63d0000,0x00000000e6600000)
  to   space 2560K, 0% used [0x00000000e6100000,0x00000000e6100000,0x00000000e6380000)
 ParOldGen       total 39936K, used 3429K [0x0000000081600000, 0x0000000083d00000, 0x00000000d5d00000)
  object space 39936K, 8% used [0x0000000081600000,0x00000000819594a8,0x0000000083d00000)
 Metaspace       used 7400K, capacity 7574K, committed 7808K, reserved 1058816K
  class space    used 789K, capacity 834K, committed 896K, reserved 1048576K
}
Event: 1.191 GC heap before
{Heap before GC invocations=14 (full 1):
 PSYoungGen      total 268800K, used 266560K [0x00000000d5d00000, 0x00000000e6600000, 0x0000000100000000)
  eden space 266240K, 100% used [0x00000000d5d00000,0x00000000e6100000,0x00000000e6100000)
  from space 2560K, 12% used [0x00000000e6380000,0x00000000e63d0000,0x00000000e6600000)
  to   space 2560K, 0% used [0x00000000e6100000,0x00000000e6100000,0x00000000e6380000)
 ParOldGen       total 39936K, used 3429K [0x0000000081600000, 0x0000000083d00000, 0x00000000d5d00000)
  object space 39936K, 8% used [0x0000000081600000,0x00000000819594a8,0x0000000083d00000)
 Metaspace       used 7411K, capacity 7574K, committed 7808K, reserved 1058816K
  class space    used 789K, capacity 834K, committed 896K, reserved 1048576K
Event: 1.194 GC heap after
Heap after GC invocations=14 (full 1):
 PSYoungGen      total 268800K, used 288K [0x00000000d5d00000, 0x00000000e6600000, 0x0000000100000000)
  eden space 266240K, 0% used [0x00000000d5d00000,0x00000000d5d00000,0x00000000e6100000)
  from space 2560K, 11% used [0x00000000e6100000,0x00000000e6148000,0x00000000e6380000)
  to   space 2560K, 0% used [0x00000000e6380000,0x00000000e6380000,0x00000000e6600000)
 ParOldGen       total 39936K, used 3677K [0x0000000081600000, 0x0000000083d00000, 0x00000000d5d00000)
  object space 39936K, 9% used [0x0000000081600000,0x00000000819974a8,0x0000000083d00000)
 Metaspace       used 7411K, capacity 7574K, committed 7808K, reserved 1058816K
  class space    used 789K, capacity 834K, committed 896K, reserved 1048576K
}
Event: 4.124 GC heap before
{Heap before GC invocations=15 (full 1):
 PSYoungGen      total 268800K, used 266528K [0x00000000d5d00000, 0x00000000e6600000, 0x0000000100000000)
  eden space 266240K, 100% used [0x00000000d5d00000,0x00000000e6100000,0x00000000e6100000)
  from space 2560K, 11% used [0x00000000e6100000,0x00000000e6148000,0x00000000e6380000)
  to   space 2560K, 0% used [0x00000000e6380000,0x00000000e6380000,0x00000000e6600000)
 ParOldGen       total 39936K, used 3677K [0x0000000081600000, 0x0000000083d00000, 0x00000000d5d00000)
  object space 39936K, 9% used [0x0000000081600000,0x00000000819974a8,0x0000000083d00000)
 Metaspace       used 9788K, capacity 9984K, committed 10112K, reserved 1060864K
  class space    used 944K, capacity 1044K, committed 1152K, reserved 1048576K
Event: 4.221 GC heap after
Heap after GC invocations=15 (full 1):
 PSYoungGen      total 268800K, used 2558K [0x00000000d5d00000, 0x00000000e6600000, 0x0000000100000000)
  eden space 266240K, 0% used [0x00000000d5d00000,0x00000000d5d00000,0x00000000e6100000)
  from space 2560K, 99% used [0x00000000e6380000,0x00000000e65ff830,0x00000000e6600000)
  to   space 2560K, 0% used [0x00000000e6100000,0x00000000e6100000,0x00000000e6380000)
 ParOldGen       total 39936K, used 22352K [0x0000000081600000, 0x0000000083d00000, 0x00000000d5d00000)
  object space 39936K, 55% used [0x0000000081600000,0x0000000082bd4070,0x0000000083d00000)
 Metaspace       used 9788K, capacity 9984K, committed 10112K, reserved 1060864K
  class space    used 944K, capacity 1044K, committed 1152K, reserved 1048576K
}
Event: 5.814 GC heap before
{Heap before GC invocations=16 (full 1):
 PSYoungGen      total 268800K, used 268798K [0x00000000d5d00000, 0x00000000e6600000, 0x0000000100000000)
  eden space 266240K, 100% used [0x00000000d5d00000,0x00000000e6100000,0x00000000e6100000)
  from space 2560K, 99% used [0x00000000e6380000,0x00000000e65ff830,0x00000000e6600000)
  to   space 2560K, 0% used [0x00000000e6100000,0x00000000e6100000,0x00000000e6380000)
 ParOldGen       total 39936K, used 22352K [0x0000000081600000, 0x0000000083d00000, 0x00000000d5d00000)
  object space 39936K, 55% used [0x0000000081600000,0x0000000082bd4070,0x0000000083d00000)
 Metaspace       used 9985K, capacity 10176K, committed 10368K, reserved 1060864K
  class space    used 947K, capacity 1044K, committed 1152K, reserved 1048576K
Event: 5.837 GC heap after
Heap after GC invocations=16 (full 1):
 PSYoungGen      total 268800K, used 2550K [0x00000000d5d00000, 0x00000000e6600000, 0x0000000100000000)
  eden space 266240K, 0% used [0x00000000d5d00000,0x00000000d5d00000,0x00000000e6100000)
  from space 2560K, 99% used [0x00000000e6100000,0x00000000e637daa0,0x00000000e6380000)
  to   space 2560K, 0% used [0x00000000e6380000,0x00000000e6380000,0x00000000e6600000)
 ParOldGen       total 42496K, used 41927K [0x0000000081600000, 0x0000000083f80000, 0x00000000d5d00000)
  object space 42496K, 98% used [0x0000000081600000,0x0000000083ef1e80,0x0000000083f80000)
 Metaspace       used 9985K, capacity 10176K, committed 10368K, reserved 1060864K
  class space    used 947K, capacity 1044K, committed 1152K, reserved 1048576K
}
Event: 5.837 GC heap before
{Heap before GC invocations=17 (full 2):
 PSYoungGen      total 268800K, used 2550K [0x00000000d5d00000, 0x00000000e6600000, 0x0000000100000000)
  eden space 266240K, 0% used [0x00000000d5d00000,0x00000000d5d00000,0x00000000e6100000)
  from space 2560K, 99% used [0x00000000e6100000,0x00000000e637daa0,0x00000000e6380000)
  to   space 2560K, 0% used [0x00000000e6380000,0x00000000e6380000,0x00000000e6600000)
 ParOldGen       total 42496K, used 41927K [0x0000000081600000, 0x0000000083f80000, 0x00000000d5d00000)
  object space 42496K, 98% used [0x0000000081600000,0x0000000083ef1e80,0x0000000083f80000)
 Metaspace       used 9985K, capacity 10176K, committed 10368K, reserved 1060864K
  class space    used 947K, capacity 1044K, committed 1152K, reserved 1048576K
Event: 5.935 GC heap after
Heap after GC invocations=17 (full 2):
 PSYoungGen      total 268800K, used 0K [0x00000000d5d00000, 0x00000000e6600000, 0x0000000100000000)
  eden space 266240K, 0% used [0x00000000d5d00000,0x00000000d5d00000,0x00000000e6100000)
  from space 2560K, 0% used [0x00000000e6100000,0x00000000e6100000,0x00000000e6380000)
  to   space 2560K, 0% used [0x00000000e6380000,0x00000000e6380000,0x00000000e6600000)
 ParOldGen       total 42496K, used 38920K [0x0000000081600000, 0x0000000083f80000, 0x00000000d5d00000)
  object space 42496K, 91% used [0x0000000081600000,0x0000000083c02208,0x0000000083f80000)
 Metaspace       used 9982K, capacity 10170K, committed 10368K, reserved 1060864K
  class space    used 947K, capacity 1043K, committed 1152K, reserved 1048576K
}

Deoptimization events (10 events):
Event: 1.855 Thread 0x000000001d704000 Uncommon trap: reason=unstable_if action=reinterpret pc=0x0000000002e321fc method=java.io.BufferedReader.readLine(Z)Ljava/lang/String; @ 55
Event: 1.855 Thread 0x000000001d704000 Uncommon trap: reason=unstable_if action=reinterpret pc=0x0000000002e99c44 method=org.json.JSONTokener.nextClean()C @ 12
Event: 1.855 Thread 0x000000001d704000 Uncommon trap: reason=unstable_if action=reinterpret pc=0x0000000002e0cdc8 method=org.json.JSONTokener.nextClean()C @ 12
Event: 1.855 Thread 0x000000001d704000 Uncommon trap: reason=unstable_if action=reinterpret pc=0x0000000002e40dc8 method=org.json.JSONTokener.nextClean()C @ 12
Event: 1.858 Thread 0x000000001d704000 Uncommon trap: reason=unstable_if action=reinterpret pc=0x0000000002e5ba30 method=org.json.JSONObject.testValidity(Ljava/lang/Object;)V @ 8
Event: 1.858 Thread 0x000000001d704000 Uncommon trap: reason=unstable_if action=reinterpret pc=0x0000000002e5b688 method=org.json.JSONObject.testValidity(Ljava/lang/Object;)V @ 8
Event: 2.504 Thread 0x000000001d6f8800 Uncommon trap: reason=predicate action=maybe_recompile pc=0x00000000032bbb30 method=java.util.regex.Pattern$Slice.match(Ljava/util/regex/Matcher;ILjava/lang/CharSequence;)Z @ 21
Event: 3.526 Thread 0x000000001d6f0800 Uncommon trap: reason=unstable_if action=reinterpret pc=0x0000000003321ae8 method=java.util.HashMap.getNode(ILjava/lang/Object;)Ljava/util/HashMap$Node; @ 62
Event: 4.546 Thread 0x000000001d7aa800 Uncommon trap: reason=unstable_if action=reinterpret pc=0x0000000002e79c74 method=java.util.HashMap.getNode(ILjava/lang/Object;)Ljava/util/HashMap$Node; @ 62
Event: 5.514 Thread 0x000000001d7a6000 Uncommon trap: reason=unstable_if action=reinterpret pc=0x0000000002e52900 method=java.lang.CharacterData.of(I)Ljava/lang/CharacterData; @ 4

Internal exceptions (9 events):
Event: 0.052 Thread 0x0000000002bd2800 Exception <a 'java/lang/NoSuchMethodError': Method sun.misc.Unsafe.defineClass(Ljava/lang/String;[BII)Ljava/lang/Class; name or signature does not match> (0x00000000d5d0e550) thrown at [C:\workspace\8-2-build-windows-amd64-cygwin\jdk8u65\4987\hotspot\src\sP1n?
Event: 0.052 Thread 0x0000000002bd2800 Exception <a 'java/lang/NoSuchMethodError': Method sun.misc.Unsafe.prefetchRead(Ljava/lang/Object;J)V name or signature does not match> (0x00000000d5d0e838) thrown at [C:\workspace\8-2-build-windows-amd64-cygwin\jdk8u65\4987\hotspot\src\share\vm\prims\jni.?
Event: 0.392 Thread 0x0000000002bd2800 Implicit null exception at 0x0000000002e1065e to 0x0000000002e10828
Event: 0.392 Thread 0x0000000002bd2800 Exception <a 'java/lang/NullPointerException'> (0x00000000d712f310) thrown at [C:\workspace\8-2-build-windows-amd64-cygwin\jdk8u65\4987\hotspot\src\share\vm\runtime\sharedRuntime.cpp, line 605]
Event: 0.595 Thread 0x0000000019079000 Exception <a 'java/lang/NoSuchFieldError': method resolution failed> (0x00000000db837e00) thrown at [C:\workspace\8-2-build-windows-amd64-cygwin\jdk8u65\4987\hotspot\src\share\vm\prims\methodHandles.cpp, line 1146]
Event: 0.605 Thread 0x0000000019079000 Exception <a 'java/lang/NoSuchFieldError': method resolution failed> (0x00000000db845d90) thrown at [C:\workspace\8-2-build-windows-amd64-cygwin\jdk8u65\4987\hotspot\src\share\vm\prims\methodHandles.cpp, line 1146]
Event: 0.633 Thread 0x0000000019079000 Implicit null exception at 0x0000000002e63598 to 0x0000000002e63719
Event: 1.163 Thread 0x00000000192bf800 Exception <a 'java/security/PrivilegedActionException'> (0x00000000d5d041f0) thrown at [C:\workspace\8-2-build-windows-amd64-cygwin\jdk8u65\4987\hotspot\src\share\vm\prims\jvm.cpp, line 1386]
Event: 1.163 Thread 0x00000000192bf800 Exception <a 'java/security/PrivilegedActionException'> (0x00000000d5d045e8) thrown at [C:\workspace\8-2-build-windows-amd64-cygwin\jdk8u65\4987\hotspot\src\share\vm\prims\jvm.cpp, line 1386]

Events (10 events):
Event: 5.984 Thread 0x000000001d7e0800 DEOPT UNPACKING pc=0x0000000002d1787f sp=0x00000000249ae1a0 mode 0
Event: 5.988 Thread 0x000000001da73000 Thread added: 0x000000001da73000
Event: 5.990 Thread 0x000000001da72800 Thread added: 0x000000001da72800
Event: 5.997 Thread 0x000000001da75800 Thread added: 0x000000001da75800
Event: 6.003 Thread 0x000000001d704000 Thread exited: 0x000000001d704000
Event: 6.004 Thread 0x000000001da78800 Thread added: 0x000000001da78800
Event: 6.004 Thread 0x000000001da7a000 Thread added: 0x000000001da7a000
Event: 6.013 Thread 0x000000001da7a800 Thread added: 0x000000001da7a800
Event: 6.019 Thread 0x000000001da77000 Thread added: 0x000000001da77000
Event: 6.022 Executing VM operation: RevokeBias


Dynamic libraries:
0x00007ff6fbe70000 - 0x00007ff6fbea7000 	C:\Program Files\Java\jdk1.8.0_65\bin\java.exe
0x00007ff91d520000 - 0x00007ff91d6fb000 	C:\WINDOWS\SYSTEM32\ntdll.dll
0x00007ff907a00000 - 0x00007ff907a33000 	C:\Program Files\AVAST Software\Avast\x64\aswhooka.dll
0x00007ff91b8f0000 - 0x00007ff91b99e000 	C:\WINDOWS\System32\KERNEL32.DLL
0x00007ff91a210000 - 0x00007ff91a459000 	C:\WINDOWS\System32\KERNELBASE.dll
0x00007ff91b840000 - 0x00007ff91b8e1000 	C:\WINDOWS\System32\ADVAPI32.dll
0x00007ff91b7a0000 - 0x00007ff91b83d000 	C:\WINDOWS\System32\msvcrt.dll
0x00007ff91bb40000 - 0x00007ff91bb99000 	C:\WINDOWS\System32\sechost.dll
0x00007ff91d010000 - 0x00007ff91d135000 	C:\WINDOWS\System32\RPCRT4.dll
0x00007ff91af00000 - 0x00007ff91b04a000 	C:\WINDOWS\System32\USER32.dll
0x00007ff919a40000 - 0x00007ff919a5e000 	C:\WINDOWS\System32\win32u.dll
0x00007ff91b6d0000 - 0x00007ff91b6f7000 	C:\WINDOWS\System32\GDI32.dll
0x00007ff91a890000 - 0x00007ff91aa17000 	C:\WINDOWS\System32\gdi32full.dll
0x00007ff91a7f0000 - 0x00007ff91a88a000 	C:\WINDOWS\System32\msvcp_win.dll
0x00007ff91a6f0000 - 0x00007ff91a7e6000 	C:\WINDOWS\System32\ucrtbase.dll
0x00007ff90b5a0000 - 0x00007ff90b807000 	C:\WINDOWS\WinSxS\amd64_microsoft.windows.common-controls_6595b64144ccf1df_6.0.15063.483_none_26002d27e7c744a2\COMCTL32.dll
0x00007ff91aa80000 - 0x00007ff91ad79000 	C:\WINDOWS\System32\combase.dll
0x00007ff91a460000 - 0x00007ff91a4ca000 	C:\WINDOWS\System32\bcryptPrimitives.dll
0x00007ff91cfe0000 - 0x00007ff91d00d000 	C:\WINDOWS\System32\IMM32.DLL
0x000000006cbe0000 - 0x000000006ccb2000 	C:\Program Files\Java\jdk1.8.0_65\jre\bin\msvcr100.dll
0x000000006c350000 - 0x000000006cbd9000 	C:\Program Files\Java\jdk1.8.0_65\jre\bin\server\jvm.dll
0x00007ff91d330000 - 0x00007ff91d338000 	C:\WINDOWS\System32\PSAPI.DLL
0x00007ff906280000 - 0x00007ff906289000 	C:\WINDOWS\SYSTEM32\WSOCK32.dll
0x00007ff91b220000 - 0x00007ff91b28c000 	C:\WINDOWS\System32\WS2_32.dll
0x00007ff916840000 - 0x00007ff916863000 	C:\WINDOWS\SYSTEM32\WINMM.dll
0x00007ff911ed0000 - 0x00007ff911eda000 	C:\WINDOWS\SYSTEM32\VERSION.dll
0x00007ff916810000 - 0x00007ff91683b000 	C:\WINDOWS\SYSTEM32\WINMMBASE.dll
0x00007ff91a6a0000 - 0x00007ff91a6e9000 	C:\WINDOWS\System32\cfgmgr32.dll
0x000000006c340000 - 0x000000006c34f000 	C:\Program Files\Java\jdk1.8.0_65\jre\bin\verify.dll
0x000000006c310000 - 0x000000006c339000 	C:\Program Files\Java\jdk1.8.0_65\jre\bin\java.dll
0x000000006b880000 - 0x000000006b8a3000 	C:\Program Files\Java\jdk1.8.0_65\jre\bin\instrument.dll
0x000000006c2f0000 - 0x000000006c306000 	C:\Program Files\Java\jdk1.8.0_65\jre\bin\zip.dll
0x00007ff91bba0000 - 0x00007ff91cfd6000 	C:\WINDOWS\System32\SHELL32.dll
0x00007ff91d200000 - 0x00007ff91d2aa000 	C:\WINDOWS\System32\shcore.dll
0x00007ff919a60000 - 0x00007ff91a151000 	C:\WINDOWS\System32\windows.storage.dll
0x00007ff91d4c0000 - 0x00007ff91d511000 	C:\WINDOWS\System32\shlwapi.dll
0x00007ff919990000 - 0x00007ff9199a1000 	C:\WINDOWS\System32\kernel.appcore.dll
0x00007ff9199f0000 - 0x00007ff919a3c000 	C:\WINDOWS\System32\powrprof.dll
0x00007ff9199b0000 - 0x00007ff9199c5000 	C:\WINDOWS\System32\profapi.dll
0x00007ff907910000 - 0x00007ff90792a000 	C:\Program Files\JetBrains\IntelliJ IDEA 2017.2.3\bin\breakgen64.dll
0x000000006c2d0000 - 0x000000006c2ea000 	C:\Program Files\Java\jdk1.8.0_65\jre\bin\net.dll
0x0000000180000000 - 0x000000018006d000 	C:\WINDOWS\system32\LavasoftTcpService64.dll
0x00007ff91b050000 - 0x00007ff91b195000 	C:\WINDOWS\System32\ole32.dll
0x00007ff91d140000 - 0x00007ff91d200000 	C:\WINDOWS\System32\OLEAUT32.dll
0x00007ff9192a0000 - 0x00007ff9192fc000 	C:\WINDOWS\SYSTEM32\MSWSOCK.dll
0x00007ff919040000 - 0x00007ff919077000 	C:\WINDOWS\SYSTEM32\IPHLPAPI.DLL
0x00007ff919890000 - 0x00007ff9198c0000 	C:\WINDOWS\SYSTEM32\SspiCli.dll
0x000000006b850000 - 0x000000006b874000 	C:\Program Files\Java\jdk1.8.0_65\jre\bin\sunec.dll
0x00007ff918180000 - 0x00007ff918215000 	C:\WINDOWS\system32\uxtheme.dll
0x00007ff919440000 - 0x00007ff919457000 	C:\WINDOWS\SYSTEM32\CRYPTSP.dll
0x00007ff918ec0000 - 0x00007ff918ef4000 	C:\WINDOWS\system32\rsaenh.dll
0x00007ff919550000 - 0x00007ff919575000 	C:\WINDOWS\SYSTEM32\bcrypt.dll
0x00007ff9198c0000 - 0x00007ff9198e9000 	C:\WINDOWS\SYSTEM32\USERENV.dll
0x00007ff919460000 - 0x00007ff91946b000 	C:\WINDOWS\SYSTEM32\CRYPTBASE.dll
0x00007ff91d4b0000 - 0x00007ff91d4b8000 	C:\WINDOWS\System32\NSI.dll
0x00007ff90d1c0000 - 0x00007ff90d1d6000 	C:\WINDOWS\SYSTEM32\dhcpcsvc6.DLL
0x00007ff90d1a0000 - 0x00007ff90d1ba000 	C:\WINDOWS\SYSTEM32\dhcpcsvc.DLL
0x000000006c2b0000 - 0x000000006c2c1000 	C:\Program Files\Java\jdk1.8.0_65\jre\bin\nio.dll
0x00007ff8ffd90000 - 0x00007ff8ffda6000 	C:\WINDOWS\system32\napinsp.dll
0x00007ff8ffd70000 - 0x00007ff8ffd8a000 	C:\WINDOWS\system32\pnrpnsp.dll
0x00007ff916f30000 - 0x00007ff916f48000 	C:\WINDOWS\system32\NLAapi.dll
0x00007ff919090000 - 0x00007ff919134000 	C:\WINDOWS\SYSTEM32\DNSAPI.dll
0x00007ff8ffce0000 - 0x00007ff8ffcee000 	C:\WINDOWS\System32\winrnr.dll
0x00007ff910d30000 - 0x00007ff910d45000 	C:\WINDOWS\System32\wshbth.dll
0x000000006e0d0000 - 0x000000006e0f6000 	C:\Program Files\Bonjour\mdnsNSP.dll
0x00007ff90a190000 - 0x00007ff90a19a000 	C:\Windows\System32\rasadhlp.dll
0x00007ff90cb20000 - 0x00007ff90cb8b000 	C:\WINDOWS\System32\fwpuclnt.dll

VM Arguments:
jvm_args: -javaagent:C:\Program Files\JetBrains\IntelliJ IDEA 2017.2.3\lib\idea_rt.jar=62436:C:\Program Files\JetBrains\IntelliJ IDEA 2017.2.3\bin -Dfile.encoding=UTF-8 
java_command: main
java_class_path (initial): C:\Program Files\Java\jdk1.8.0_65\jre\lib\charsets.jar;C:\Program Files\Java\jdk1.8.0_65\jre\lib\deploy.jar;C:\Program Files\Java\jdk1.8.0_65\jre\lib\ext\access-bridge-64.jar;C:\Program Files\Java\jdk1.8.0_65\jre\lib\ext\cldrdata.jar;C:\Program Files\Java\jdk1.8.0_65\jre\lib\ext\dnsns.jar;C:\Program Files\Java\jdk1.8.0_65\jre\lib\ext\jaccess.jar;C:\Program Files\Java\jdk1.8.0_65\jre\lib\ext\jfxrt.jar;C:\Program Files\Java\jdk1.8.0_65\jre\lib\ext\localedata.jar;C:\Program Files\Java\jdk1.8.0_65\jre\lib\ext\nashorn.jar;C:\Program Files\Java\jdk1.8.0_65\jre\lib\ext\sunec.jar;C:\Program Files\Java\jdk1.8.0_65\jre\lib\ext\sunjce_provider.jar;C:\Program Files\Java\jdk1.8.0_65\jre\lib\ext\sunmscapi.jar;C:\Program Files\Java\jdk1.8.0_65\jre\lib\ext\sunpkcs11.jar;C:\Program Files\Java\jdk1.8.0_65\jre\lib\ext\zipfs.jar;C:\Program Files\Java\jdk1.8.0_65\jre\lib\javaws.jar;C:\Program Files\Java\jdk1.8.0_65\jre\lib\jce.jar;C:\Program Files\Java\jdk1.8.0_65\jre\lib\jfr.jar;C:\Program Files\Java\jdk1.8.0_65\jre\lib\jfxswt.jar;C:\Program Files\Java\jdk1.8.0_65\jre\lib\jsse.jar;C:\Program Files\Java\jdk1.8.0_65\jre\lib\management-agent.jar;C:\Program Files\Java\jdk1.8.0_65\jre\lib\plugin.jar;C:\Program Files\Java\jdk1.8.0_65\jre\lib\resources.jar;C:\Program Files\Java\jdk1.8.0_65\jre\lib\rt.jar;D:\School Projects\dataset gen\out\production\dataset gen;C:\Users\yketd\.m2\repository\org\json\json\20171018\json-20171018.jar;C:\Program Files\JetBrains\IntelliJ IDEA 2017.2.3\lib\idea_rt.jar
Launcher Type: SUN_STANDARD

Environment Variables:
PATH=C:\Program Files (x86)\Common Files\Intel\Shared Libraries\redist\intel64\compiler;C:\Program Files\Docker\Docker\Resources\bin;C:\Windows\system32;C:\Windows;C:\Windows\System32\Wbem;C:\Windows\System32\WindowsPowerShell\v1.0\;C:\Program Files (x86)\NVIDIA Corporation\PhysX\Common;C:\Program Files\Intel\WiFi\bin\;C:\Program Files\Common Files\Intel\WirelessCommon\;C:\WINDOWS\system32;C:\WINDOWS;C:\WINDOWS\System32\Wbem;C:\WINDOWS\System32\WindowsPowerShell\v1.0\;C:\Users\yketd\AppData\Local\Android\Sdk\platform-tools;C:\Program Files (x86)\QuickTime\QTSystem\;D:\school\gradle-3.3\bin;C:\Program Files\nodejs\;C:\Program Files (x86)\Java\jdk1.8.0_121\bin;D:\Program Files (x86)\windows\kits\Windows Performance Toolkit\;C:\Program Files\Git\cmd;C:\Program Files (x86)\Skype\Phone\;C:\users\yketd\anaconda3\;C:\Program Files\Microsoft SQL Server\130\Tools\Binn\;C:\Program Files\dotnet\;C:\Program Files\MySQL\MySQL Utilities 1.6\;C:\Program Files\PuTTY\;D:\PHP;C:\ProgramData\ComposerSetup\bin;C:\Users\yketd\AppData\Roaming\Composer\vendor\bin;C:\Users\yketd\Anaconda3;C:\Users\yketd\Anaconda3\Scripts;C:\Users\yketd\Anaconda3\Library\bin;C:\Users\yketd\AppData\Roaming\npm;D:\Program Files\Docker Toolbox;C:\Program Files\Intel\WiFi\bin\;C:\Program Files\Common Files\Intel\WirelessCommon\;C:\Users\yketd\AppData\Roaming\Composer\vendor\bin;C:\Users\yketd\AppData\Local\Microsoft\WindowsApps;
USERNAME=yketd
OS=Windows_NT
PROCESSOR_IDENTIFIER=Intel64 Family 6 Model 78 Stepping 3, GenuineIntel



---------------  S Y S T E M  ---------------

OS: Windows 10.0 , 64 bit Build 15063 (10.0.15063.296)

CPU:total 4 (2 cores per cpu, 2 threads per core) family 6 model 78 stepping 3, cmov, cx8, fxsr, mmx, sse, sse2, sse3, ssse3, sse4.1, sse4.2, popcnt, avx, avx2, aes, clmul, erms, 3dnowpref, lzcnt, ht, tsc, tscinvbit, bmi1, bmi2, adx

Memory: 4k page, physical 8294844k(1560700k free), swap 11414512k(11196k free)

vm_info: Java HotSpot(TM) 64-Bit Server VM (25.65-b01) for windows-amd64 JRE (1.8.0_65-b17), built on Oct  6 2015 16:39:20 by "java_re" with MS VC++ 10.0 (VS2010)

time: Wed Nov 08 18:31:00 2017
elapsed time: 6 seconds (0d 0h 0m 6s)

